# JRE version: OpenJDK Runtime Environment (11.0.10) (build 11.0.10+0-b96-7249189)
# Java VM: OpenJDK 64-Bit Server VM (11.0.10+0-b96-7249189, mixed mode, tiered, compressed oops, g1 gc, windows-amd64)
Heap:
 garbage-first heap   total 408576K, used 212927K [0x0000000080000000, 0x0000000100000000)
  region size 1024K, 68 young (69632K), 3 survivors (3072K)
 Metaspace       used 148249K, capacity 153128K, committed 153292K, reserved 1181696K
  class space    used 18301K, capacity 20066K, committed 20172K, reserved 1048576K
GC Heap History (20 events):
Event: 4919.272 GC heap before
{Heap before GC invocations=180 (full 0):
 garbage-first heap   total 295936K, used 121978K [0x0000000080000000, 0x0000000100000000)
  region size 1024K, 14 young (14336K), 6 survivors (6144K)
 Metaspace       used 144175K, capacity 148969K, committed 149196K, reserved 1179648K
  class space    used 18091K, capacity 19830K, committed 19916K, reserved 1048576K
}
Event: 4919.283 GC heap after
{Heap after GC invocations=181 (full 0):
 garbage-first heap   total 295936K, used 113433K [0x0000000080000000, 0x0000000100000000)
  region size 1024K, 1 young (1024K), 1 survivors (1024K)
 Metaspace       used 144175K, capacity 148969K, committed 149196K, reserved 1179648K
  class space    used 18091K, capacity 19830K, committed 19916K, reserved 1048576K
}
Event: 4919.393 GC heap before
{Heap before GC invocations=181 (full 0):
 garbage-first heap   total 295936K, used 114457K [0x0000000080000000, 0x0000000100000000)
  region size 1024K, 4 young (4096K), 1 survivors (1024K)
 Metaspace       used 144225K, capacity 148973K, committed 149196K, reserved 1179648K
  class space    used 18092K, capacity 19832K, committed 19916K, reserved 1048576K
}
Event: 4919.399 GC heap after
{Heap after GC invocations=182 (full 0):
 garbage-first heap   total 295936K, used 112772K [0x0000000080000000, 0x0000000100000000)
  region size 1024K, 1 young (1024K), 1 survivors (1024K)
 Metaspace       used 144225K, capacity 148973K, committed 149196K, reserved 1179648K
  class space    used 18092K, capacity 19832K, committed 19916K, reserved 1048576K
}
Event: 4922.497 GC heap before
{Heap before GC invocations=183 (full 0):
 garbage-first heap   total 295936K, used 213124K [0x0000000080000000, 0x0000000100000000)
  region size 1024K, 99 young (101376K), 1 survivors (1024K)
 Metaspace       used 145763K, capacity 150571K, committed 150860K, reserved 1179648K
  class space    used 18225K, capacity 19958K, committed 20044K, reserved 1048576K
}
Event: 4922.540 GC heap after
{Heap after GC invocations=184 (full 0):
 garbage-first heap   total 295936K, used 125517K [0x0000000080000000, 0x0000000100000000)
  region size 1024K, 13 young (13312K), 13 survivors (13312K)
 Metaspace       used 145763K, capacity 150571K, committed 150860K, reserved 1179648K
  class space    used 18225K, capacity 19958K, committed 20044K, reserved 1048576K
}
Event: 4922.549 GC heap before
{Heap before GC invocations=184 (full 0):
 garbage-first heap   total 295936K, used 126541K [0x0000000080000000, 0x0000000100000000)
  region size 1024K, 14 young (14336K), 13 survivors (13312K)
 Metaspace       used 145785K, capacity 150606K, committed 150860K, reserved 1179648K
  class space    used 18229K, capacity 19990K, committed 20044K, reserved 1048576K
}
Event: 4922.588 GC heap after
{Heap after GC invocations=185 (full 0):
 garbage-first heap   total 295936K, used 120813K [0x0000000080000000, 0x0000000100000000)
  region size 1024K, 1 young (1024K), 1 survivors (1024K)
 Metaspace       used 145785K, capacity 150606K, committed 150860K, reserved 1179648K
  class space    used 18229K, capacity 19990K, committed 20044K, reserved 1048576K
}
Event: 4924.275 GC heap before
{Heap before GC invocations=185 (full 0):
 garbage-first heap   total 295936K, used 225261K [0x0000000080000000, 0x0000000100000000)
  region size 1024K, 103 young (105472K), 1 survivors (1024K)
 Metaspace       used 146942K, capacity 151750K, committed 152012K, reserved 1181696K
  class space    used 18289K, capacity 20057K, committed 20172K, reserved 1048576K
}
Event: 4924.378 GC heap after
{Heap after GC invocations=186 (full 0):
 garbage-first heap   total 295936K, used 136034K [0x0000000080000000, 0x0000000100000000)
  region size 1024K, 13 young (13312K), 13 survivors (13312K)
 Metaspace       used 146942K, capacity 151750K, committed 152012K, reserved 1181696K
  class space    used 18289K, capacity 20057K, committed 20172K, reserved 1048576K
}
Event: 4926.469 GC heap before
{Heap before GC invocations=187 (full 0):
 garbage-first heap   total 295936K, used 226146K [0x0000000080000000, 0x0000000100000000)
  region size 1024K, 102 young (104448K), 13 survivors (13312K)
 Metaspace       used 147529K, capacity 152417K, committed 152780K, reserved 1181696K
  class space    used 18294K, capacity 20058K, committed 20172K, reserved 1048576K
}
Event: 4926.550 GC heap after
{Heap after GC invocations=188 (full 0):
 garbage-first heap   total 408576K, used 145749K [0x0000000080000000, 0x0000000100000000)
  region size 1024K, 10 young (10240K), 10 survivors (10240K)
 Metaspace       used 147529K, capacity 152417K, committed 152780K, reserved 1181696K
  class space    used 18294K, capacity 20058K, committed 20172K, reserved 1048576K
}
Event: 4926.734 GC heap before
{Heap before GC invocations=188 (full 0):
 garbage-first heap   total 408576K, used 153941K [0x0000000080000000, 0x0000000100000000)
  region size 1024K, 19 young (19456K), 10 survivors (10240K)
 Metaspace       used 147617K, capacity 152498K, committed 152780K, reserved 1181696K
  class space    used 18297K, capacity 20060K, committed 20172K, reserved 1048576K
}
Event: 4926.797 GC heap after
{Heap after GC invocations=189 (full 0):
 garbage-first heap   total 408576K, used 148416K [0x0000000080000000, 0x0000000100000000)
  region size 1024K, 3 young (3072K), 3 survivors (3072K)
 Metaspace       used 147617K, capacity 152498K, committed 152780K, reserved 1181696K
  class space    used 18297K, capacity 20060K, committed 20172K, reserved 1048576K
}
Event: 4929.600 GC heap before
{Heap before GC invocations=189 (full 0):
 garbage-first heap   total 408576K, used 278464K [0x0000000080000000, 0x0000000100000000)
  region size 1024K, 130 young (133120K), 3 survivors (3072K)
 Metaspace       used 148127K, capacity 152980K, committed 153292K, reserved 1181696K
  class space    used 18300K, capacity 20064K, committed 20172K, reserved 1048576K
}
Event: 4929.636 GC heap after
{Heap after GC invocations=190 (full 0):
 garbage-first heap   total 408576K, used 147429K [0x0000000080000000, 0x0000000100000000)
  region size 1024K, 2 young (2048K), 2 survivors (2048K)
 Metaspace       used 148127K, capacity 152980K, committed 153292K, reserved 1181696K
  class space    used 18300K, capacity 20064K, committed 20172K, reserved 1048576K
}
Event: 4932.336 GC heap before
{Heap before GC invocations=191 (full 0):
 garbage-first heap   total 408576K, used 325605K [0x0000000080000000, 0x0000000100000000)
  region size 1024K, 176 young (180224K), 2 survivors (2048K)
 Metaspace       used 148224K, capacity 153058K, committed 153292K, reserved 1181696K
  class space    used 18301K, capacity 20065K, committed 20172K, reserved 1048576K
}
Event: 4932.354 GC heap after
{Heap after GC invocations=192 (full 0):
 garbage-first heap   total 408576K, used 147755K [0x0000000080000000, 0x0000000100000000)
  region size 1024K, 2 young (2048K), 2 survivors (2048K)
 Metaspace       used 148224K, capacity 153058K, committed 153292K, reserved 1181696K
  class space    used 18301K, capacity 20065K, committed 20172K, reserved 1048576K
}
Event: 4932.454 GC heap before
{Heap before GC invocations=192 (full 0):
 garbage-first heap   total 408576K, used 165163K [0x0000000080000000, 0x0000000100000000)
  region size 1024K, 19 young (19456K), 2 survivors (2048K)
 Metaspace       used 148230K, capacity 153060K, committed 153292K, reserved 1181696K
  class space    used 18301K, capacity 20065K, committed 20172K, reserved 1048576K
}
Event: 4932.465 GC heap after
{Heap after GC invocations=193 (full 0):
 garbage-first heap   total 408576K, used 147391K [0x0000000080000000, 0x0000000100000000)
  region size 1024K, 3 young (3072K), 3 survivors (3072K)
 Metaspace       used 148230K, capacity 153060K, committed 153292K, reserved 1181696K
  class space    used 18301K, capacity 20065K, committed 20172K, reserved 1048576K
}

