# JRE version: OpenJDK Runtime Environment (11.0.10) (build 11.0.10+0-b96-7249189)
# Java VM: OpenJDK 64-Bit Server VM (11.0.10+0-b96-7249189, mixed mode, tiered, compressed oops, g1 gc, windows-amd64)
Heap:
 garbage-first heap   total 636928K, used 184064K [0x0000000080000000, 0x0000000100000000)
  region size 1024K, 6 young (6144K), 6 survivors (6144K)
 Metaspace       used 101756K, capacity 104528K, committed 104780K, reserved 1140736K
  class space    used 13072K, capacity 14129K, committed 14156K, reserved 1048576K
GC Heap History (20 events):
Event: 45.776 GC heap after
{Heap after GC invocations=43 (full 0):
 garbage-first heap   total 329728K, used 123201K [0x0000000080000000, 0x0000000100000000)
  region size 1024K, 7 young (7168K), 7 survivors (7168K)
 Metaspace       used 98118K, capacity 100723K, committed 100812K, reserved 1136640K
  class space    used 12731K, capacity 13689K, committed 13772K, reserved 1048576K
}
Event: 47.237 GC heap before
{Heap before GC invocations=43 (full 0):
 garbage-first heap   total 329728K, used 258369K [0x0000000080000000, 0x0000000100000000)
  region size 1024K, 139 young (142336K), 7 survivors (7168K)
 Metaspace       used 98132K, capacity 100727K, committed 100812K, reserved 1136640K
  class space    used 12733K, capacity 13690K, committed 13772K, reserved 1048576K
}
Event: 47.255 GC heap after
{Heap after GC invocations=44 (full 0):
 garbage-first heap   total 329728K, used 123534K [0x0000000080000000, 0x0000000100000000)
  region size 1024K, 7 young (7168K), 7 survivors (7168K)
 Metaspace       used 98132K, capacity 100727K, committed 100812K, reserved 1136640K
  class space    used 12733K, capacity 13690K, committed 13772K, reserved 1048576K
}
Event: 48.473 GC heap before
{Heap before GC invocations=44 (full 0):
 garbage-first heap   total 329728K, used 277134K [0x0000000080000000, 0x0000000100000000)
  region size 1024K, 157 young (160768K), 7 survivors (7168K)
 Metaspace       used 98684K, capacity 101259K, committed 101452K, reserved 1136640K
  class space    used 12795K, capacity 13761K, committed 13900K, reserved 1048576K
}
Event: 48.495 GC heap after
{Heap after GC invocations=45 (full 0):
 garbage-first heap   total 329728K, used 125321K [0x0000000080000000, 0x0000000100000000)
  region size 1024K, 9 young (9216K), 9 survivors (9216K)
 Metaspace       used 98684K, capacity 101259K, committed 101452K, reserved 1136640K
  class space    used 12795K, capacity 13761K, committed 13900K, reserved 1048576K
}
Event: 49.803 GC heap before
{Heap before GC invocations=45 (full 0):
 garbage-first heap   total 329728K, used 284041K [0x0000000080000000, 0x0000000100000000)
  region size 1024K, 163 young (166912K), 9 survivors (9216K)
 Metaspace       used 99432K, capacity 102180K, committed 102348K, reserved 1138688K
  class space    used 12879K, capacity 13906K, committed 14028K, reserved 1048576K
}
Event: 49.833 GC heap after
{Heap after GC invocations=46 (full 0):
 garbage-first heap   total 329728K, used 131862K [0x0000000080000000, 0x0000000100000000)
  region size 1024K, 14 young (14336K), 14 survivors (14336K)
 Metaspace       used 99432K, capacity 102180K, committed 102348K, reserved 1138688K
  class space    used 12879K, capacity 13906K, committed 14028K, reserved 1048576K
}
Event: 51.190 GC heap before
{Heap before GC invocations=46 (full 0):
 garbage-first heap   total 329728K, used 281366K [0x0000000080000000, 0x0000000100000000)
  region size 1024K, 160 young (163840K), 14 survivors (14336K)
 Metaspace       used 99662K, capacity 102317K, committed 102604K, reserved 1138688K
  class space    used 12885K, capacity 13906K, committed 14028K, reserved 1048576K
}
Event: 51.227 GC heap after
{Heap after GC invocations=47 (full 0):
 garbage-first heap   total 329728K, used 126808K [0x0000000080000000, 0x0000000100000000)
  region size 1024K, 7 young (7168K), 7 survivors (7168K)
 Metaspace       used 99662K, capacity 102317K, committed 102604K, reserved 1138688K
  class space    used 12885K, capacity 13906K, committed 14028K, reserved 1048576K
}
Event: 52.831 GC heap before
{Heap before GC invocations=47 (full 0):
 garbage-first heap   total 329728K, used 285528K [0x0000000080000000, 0x0000000100000000)
  region size 1024K, 162 young (165888K), 7 survivors (7168K)
 Metaspace       used 99667K, capacity 102381K, committed 102604K, reserved 1138688K
  class space    used 12885K, capacity 13906K, committed 14028K, reserved 1048576K
}
Event: 52.854 GC heap after
{Heap after GC invocations=48 (full 0):
 garbage-first heap   total 396288K, used 127185K [0x0000000080000000, 0x0000000100000000)
  region size 1024K, 8 young (8192K), 8 survivors (8192K)
 Metaspace       used 99667K, capacity 102381K, committed 102604K, reserved 1138688K
  class space    used 12885K, capacity 13906K, committed 14028K, reserved 1048576K
}
Event: 57.328 GC heap before
{Heap before GC invocations=48 (full 0):
 garbage-first heap   total 396288K, used 312529K [0x0000000080000000, 0x0000000100000000)
  region size 1024K, 189 young (193536K), 8 survivors (8192K)
 Metaspace       used 99780K, capacity 102483K, committed 102604K, reserved 1138688K
  class space    used 12888K, capacity 13912K, committed 14028K, reserved 1048576K
}
Event: 57.460 GC heap after
{Heap after GC invocations=49 (full 0):
 garbage-first heap   total 396288K, used 128527K [0x0000000080000000, 0x0000000100000000)
  region size 1024K, 9 young (9216K), 9 survivors (9216K)
 Metaspace       used 99780K, capacity 102483K, committed 102604K, reserved 1138688K
  class space    used 12888K, capacity 13912K, committed 14028K, reserved 1048576K
}
Event: 64.617 GC heap before
{Heap before GC invocations=49 (full 0):
 garbage-first heap   total 396288K, used 353807K [0x0000000080000000, 0x0000000100000000)
  region size 1024K, 212 young (217088K), 9 survivors (9216K)
 Metaspace       used 100957K, capacity 103705K, committed 104012K, reserved 1138688K
  class space    used 13014K, capacity 14074K, committed 14156K, reserved 1048576K
}
Event: 64.706 GC heap after
{Heap after GC invocations=50 (full 0):
 garbage-first heap   total 396288K, used 146264K [0x0000000080000000, 0x0000000100000000)
  region size 1024K, 16 young (16384K), 16 survivors (16384K)
 Metaspace       used 100957K, capacity 103705K, committed 104012K, reserved 1138688K
  class space    used 13014K, capacity 14074K, committed 14156K, reserved 1048576K
}
Event: 67.592 GC heap before
{Heap before GC invocations=50 (full 0):
 garbage-first heap   total 396288K, used 338776K [0x0000000080000000, 0x0000000100000000)
  region size 1024K, 203 young (207872K), 16 survivors (16384K)
 Metaspace       used 101746K, capacity 104464K, committed 104524K, reserved 1140736K
  class space    used 13071K, capacity 14129K, committed 14156K, reserved 1048576K
}
Event: 67.870 GC heap after
{Heap after GC invocations=51 (full 0):
 garbage-first heap   total 396288K, used 174496K [0x0000000080000000, 0x0000000100000000)
  region size 1024K, 26 young (26624K), 26 survivors (26624K)
 Metaspace       used 101746K, capacity 104464K, committed 104524K, reserved 1140736K
  class space    used 13071K, capacity 14129K, committed 14156K, reserved 1048576K
}
Event: 68.296 GC heap before
{Heap before GC invocations=51 (full 0):
 garbage-first heap   total 396288K, used 182688K [0x0000000080000000, 0x0000000100000000)
  region size 1024K, 35 young (35840K), 26 survivors (26624K)
 Metaspace       used 101749K, capacity 104464K, committed 104524K, reserved 1140736K
  class space    used 13071K, capacity 14129K, committed 14156K, reserved 1048576K
}
Event: 68.507 GC heap after
{Heap after GC invocations=52 (full 0):
 garbage-first heap   total 396288K, used 178688K [0x0000000080000000, 0x0000000100000000)
  region size 1024K, 3 young (3072K), 3 survivors (3072K)
 Metaspace       used 101749K, capacity 104464K, committed 104524K, reserved 1140736K
  class space    used 13071K, capacity 14129K, committed 14156K, reserved 1048576K
}
Event: 71.555 GC heap before
{Heap before GC invocations=52 (full 0):
 garbage-first heap   total 396288K, used 206336K [0x0000000080000000, 0x0000000100000000)
  region size 1024K, 30 young (30720K), 3 survivors (3072K)
 Metaspace       used 101756K, capacity 104528K, committed 104780K, reserved 1140736K
  class space    used 13072K, capacity 14129K, committed 14156K, reserved 1048576K
}

